"D:/GGJ/GGJ2019/Content/Assets/Materials/Material__50.uasset" 0
"D:/GGJ/GGJ2019/Content/Assets/Materials/Material__51.uasset" 1
"D:/GGJ/GGJ2019/Content/Assets/Materials/wire_108008136.uasset" 2
"D:/GGJ/GGJ2019/Content/Assets/Meshes/gatita_textura.uasset" 3
"D:/GGJ/GGJ2019/Content/Assets/Meshes/gatita_textura_Mat.uasset" 4
"D:/GGJ/GGJ2019/Content/Assets/Meshes/gata_01_PhysicsAsset.uasset" 5
"D:/GGJ/GGJ2019/Content/Assets/Meshes/gata_01_Skeleton.uasset" 6
"D:/GGJ/GGJ2019/Content/Assets/Meshes/gata_01.uasset" 7
"D:/GGJ/GGJ2019/Content/Assets/ProtAssetes/gradient_bitmap.uasset" 8
"D:/GGJ/GGJ2019/Content/Assets/ProtAssetes/gradient_bitmap_Mat.uasset" 9
"D:/GGJ/GGJ2019/Content/Assets/ProtAssetes/M_Color_Master.uasset" 10
"D:/GGJ/GGJ2019/Content/Assets/ProtAssetes/M_Color_Blue_Inst.uasset" 11
"../../../Engine/Content/Functions/Engine_MaterialFunctions01/Opacity/CameraDepthFade.uasset" 12
"../../../Engine/Content/EngineMaterials/T_Default_Material_Grid_M.uasset" 13
"../../../Engine/Content/EngineMaterials/T_Default_Material_Grid_N.uasset" 14
"../../../Engine/Content/EngineMaterials/DefaultMaterial.uasset" 15
"D:/GGJ/GGJ2019/Content/Assets/ProtAssetes/Prot_Cube.uasset" 16
"D:/GGJ/GGJ2019/Content/Assets/ProtAssetes/Prot_SkeletalCube_Skeleton.uasset" 17
"../../../Engine/Content/EngineMaterials/WorldGridMaterial.uasset" 18
"../../../Engine/Content/ArtTools/RenderToTexture/Meshes/S_1_Unit_Plane.uasset" 19
"../../../Engine/Content/BasicShapes/Cone.uasset" 20
"../../../Engine/Content/BasicShapes/Cube.uasset" 21
"../../../Engine/Content/BasicShapes/Cylinder.uasset" 22
"../../../Engine/Content/BasicShapes/Plane.uasset" 23
"../../../Engine/Content/EditorLandscapeResources/DataLayer.uasset" 24
"../../../Engine/Content/EditorMaterials/GizmoMaterial.uasset" 25
"../../../Engine/Content/EditorMaterials/MAT_Groups_Toggle.uasset" 26
"../../../Engine/Content/EditorMaterials/MAT_Groups_Visibility.uasset" 27
"../../../Engine/Content/EditorMaterials/PreviewShadowIndicator.uasset" 28
"../../../Engine/Content/EditorMaterials/PreviewShadowIndicatorMaterial.uasset" 29
"../../../Engine/Content/EditorMaterials/MatineeGroups/MAT_ColorTrack.uasset" 30
"../../../Engine/Content/EditorMaterials/MatineeGroups/MAT_Groups_Anim.uasset" 31
"../../../Engine/Content/EditorMaterials/MatineeGroups/MAT_Groups_AudioMaster.uasset" 32
"../../../Engine/Content/EditorMaterials/MatineeGroups/MAT_Groups_Director.uasset" 33
"../../../Engine/Content/EditorMaterials/MatineeGroups/MAT_Groups_Event.uasset" 34
"../../../Engine/Content/EditorMaterials/MatineeGroups/MAT_Groups_Fade.uasset" 35
"../../../Engine/Content/EditorMaterials/MatineeGroups/MAT_Groups_Float.uasset" 36
"../../../Engine/Content/EditorMaterials/MatineeGroups/MAT_Groups_Move.uasset" 37
"../../../Engine/Content/EditorMaterials/MatineeGroups/MAT_Groups_Slomo.uasset" 38
"../../../Engine/Content/EditorMaterials/MatineeGroups/MAT_Groups_Sound.uasset" 39
"../../../Engine/Content/EditorMaterials/MatineeGroups/MAT_Groups_Vector.uasset" 40
"../../../Engine/Content/EditorMaterials/ParticleSystems/PSysThumbnail_NoImage.uasset" 41
"../../../Engine/Content/EditorMaterials/ParticleSystems/PSysThumbnail_OOD.uasset" 42
"../../../Engine/Content/EditorMaterials/Camera/CineMat.uasset" 43
"../../../Engine/Content/EditorMaterials/Camera/MI_CineMat_Rig.uasset" 44
"../../../Engine/Content/EditorMeshes/Camera/SM_CraneRig_Arm.uasset" 45
"../../../Engine/Content/EditorMeshes/Camera/SM_CraneRig_Base.uasset" 46
"../../../Engine/Content/EditorMeshes/Camera/SM_CraneRig_Body.uasset" 47
"../../../Engine/Content/EditorMeshes/Camera/SM_CraneRig_Mount.uasset" 48
"../../../Engine/Content/EditorMeshes/Camera/SM_RailRig_Mount.uasset" 49
"../../../Engine/Content/EditorMeshes/Camera/SM_RailRig_Track.uasset" 50
"../../../Engine/Content/EditorResources/BSPVertex.uasset" 51
"../../../Engine/Content/EditorResources/EmptyActor.uasset" 52
"../../../Engine/Content/EditorResources/S_Actor.uasset" 53
"../../../Engine/Content/EditorResources/S_Trigger.uasset" 54
"../../../Engine/Content/EditorResources/SequenceRecorder/Countdown.uasset" 55
"../../../Engine/Content/EditorResources/SequenceRecorder/RecordingIndicator.uasset" 56
"../../../Engine/Content/EditorSounds/Notifications/CompileFailed.uasset" 57
"../../../Engine/Content/EditorSounds/Notifications/CompileFailed_Cue.uasset" 58
"../../../Engine/Content/EditorSounds/Notifications/CompileSuccess.uasset" 59
"../../../Engine/Content/EditorSounds/Notifications/CompileStart_Cue.uasset" 60
"../../../Engine/Content/EditorSounds/Notifications/CompileSuccess_Cue.uasset" 61
"../../../Engine/Content/EngineDamageTypes/DmgTypeBP_Environmental.uasset" 62
"../../../Engine/Content/EngineDebugMaterials/HeatmapGradient.uasset" 63
"../../../Engine/Content/EngineDebugMaterials/BoneWeightMaterial.uasset" 64
"../../../Engine/Content/EngineDebugMaterials/ClothMaterial.uasset" 65
"../../../Engine/Content/EngineDebugMaterials/ClothMaterial_WF.uasset" 66
"../../../Engine/Content/EngineDebugMaterials/DebugEditorMaterial.uasset" 67
"../../../Engine/Content/EngineDebugMaterials/DebugMeshMaterial.uasset" 68
"../../../Engine/Content/EngineDebugMaterials/GeomMaterial.uasset" 69
"../../../Engine/Content/EngineDebugMaterials/M_SimpleTranslucent.uasset" 70
"../../../Engine/Content/EngineFonts/Faces/RobotoBold.uasset" 71
"../../../Engine/Content/EngineFonts/Faces/RobotoBoldItalic.uasset" 72
"../../../Engine/Content/EngineFonts/Faces/RobotoItalic.uasset" 73
"../../../Engine/Content/EngineFonts/Faces/RobotoLight.uasset" 74
"../../../Engine/Content/EngineFonts/Faces/RobotoRegular.uasset" 75
"../../../Engine/Content/EngineFonts/Roboto.uasset" 76
"../../../Engine/Content/EngineFonts/Faces/RobotoTiny.uasset" 77
"../../../Engine/Content/EngineFonts/RobotoTiny.uasset" 78
"../../../Engine/Content/EngineMaterials/BaseFlattenDiffuseMap.uasset" 79
"../../../Engine/Content/EngineMaterials/BaseFlattenEmissiveMap.uasset" 80
"../../../Engine/Content/EngineMaterials/BaseFlattenGrayscaleMap.uasset" 81
"../../../Engine/Content/EngineMaterials/BaseFlattenNormalMap.uasset" 82
"../../../Engine/Content/EngineMaterials/BaseFlattenMaterial.uasset" 83
"../../../Engine/Content/EngineMaterials/DefaultBloomKernel.uasset" 84
"../../../Engine/Content/EngineMaterials/DefaultBokeh.uasset" 85
"../../../Engine/Content/EngineMaterials/DefaultDiffuse.uasset" 86
"../../../Engine/Content/EngineMaterials/DefaultDeferredDecalMaterial.uasset" 87
"../../../Engine/Content/EngineMaterials/DefaultLightFunctionMaterial.uasset" 88
"../../../Engine/Content/Functions/Engine_MaterialFunctions02/Utility/BreakOutFloat2Components.uasset" 89
"../../../Engine/Content/EngineMaterials/DefaultPostProcessMaterial.uasset" 90
"../../../Engine/Content/EngineFonts/RobotoDistanceField.uasset" 91
"../../../Engine/Content/EngineMaterials/DefaultTextMaterialOpaque.uasset" 92
"../../../Engine/Content/EngineMaterials/DefaultWhiteGrid.uasset" 93
"../../../Engine/Content/EngineMaterials/EditorBrushMaterial.uasset" 94
"../../../Engine/Content/EngineMaterials/Good64x64TilingNoiseHighFreq.uasset" 95
"../../../Engine/Content/EngineMaterials/MiniFont.uasset" 96
"../../../Engine/Content/EngineMaterials/InvalidLightmapSettings.uasset" 97
"../../../Engine/Content/EngineMaterials/M_InvalidLightmapSettings.uasset" 98
"../../../Engine/Content/Functions/Engine_MaterialFunctions02/WorldPositionOffset/CameraOffset.uasset" 99
"../../../Engine/Content/EngineMaterials/PhAT_JointLimitMaterial.uasset" 100
"../../../Engine/Content/EngineMaterials/PreintegratedSkinBRDF.uasset" 101
"../../../Engine/Content/EngineMaterials/RemoveSurfaceMaterial.uasset" 102
"../../../Engine/Content/EngineMaterials/WeightMapPlaceholderTexture.uasset" 103
"../../../Engine/Content/EngineResources/WhiteSquareTexture.uasset" 104
"../../../Engine/Content/EngineMaterials/Widget3DPassThrough.uasset" 105
"../../../Engine/Content/EngineMaterials/Widget3DPassThrough_Masked.uasset" 106
"../../../Engine/Content/EngineMaterials/Widget3DPassThrough_Opaque.uasset" 107
"../../../Engine/Content/EngineMaterials/Widget3DPassThrough_Masked_OneSided.uasset" 108
"../../../Engine/Content/EngineMaterials/Widget3DPassThrough_Opaque_OneSided.uasset" 109
"../../../Engine/Content/EngineMaterials/Widget3DPassThrough_Translucent.uasset" 110
"../../../Engine/Content/EngineMaterials/Widget3DPassThrough_Translucent_OneSided.uasset" 111
"../../../Engine/Content/EngineMeshes/Cylinder.uasset" 112
"../../../Engine/Content/EngineMeshes/Sphere.uasset" 113
"../../../Engine/Content/EngineResources/Black.uasset" 114
"../../../Engine/Content/EngineResources/DefaultTexture.uasset" 115
"../../../Engine/Content/EngineResources/DefaultTextureCube.uasset" 116
"../../../Engine/Content/EngineResources/DefaultVolumeTexture2D.uasset" 117
"../../../Engine/Content/EngineResources/DefaultVolumeTexture.uasset" 118
"../../../Engine/Content/EngineResources/GradientTexture0.uasset" 119
"../../../Engine/Content/EngineSounds/Master.uasset" 120
"../../../Engine/Content/Functions/Engine_MaterialFunctions01/Shading/PowerToRoughness.uasset" 121
"../../../Engine/Content/Maps/Templates/Thumbnails/Default.uasset" 122
"../../../Engine/Content/Maps/Templates/Thumbnails/VR-Basic.uasset" 123
"../../../Engine/Content/MobileResources/T_MobileControls_texture.uasset" 124
"../../../Engine/Content/MobileResources/T_MobileMenu2.uasset" 125
"../../../Engine/Content/MobileResources/HUD/AnalogHat.uasset" 126
"../../../Engine/Content/MobileResources/HUD/VirtualJoystick_Background.uasset" 127
"../../../Engine/Content/MobileResources/HUD/VirtualJoystick_Thumb.uasset" 128
"../../../Engine/Content/MobileResources/HUD/DefaultVirtualJoysticks.uasset" 129
"../../../Engine/Content/MobileResources/HUD/LeftVirtualJoystickOnly.uasset" 130
"../../../Engine/Content/MobileResources/HUD/MobileHUDButton1_off.uasset" 131
"../../../Engine/Content/MobileResources/HUD/MobileHUDButton1_on.uasset" 132
"../../../Engine/Content/MobileResources/HUD/MobileHUDButton2_off.uasset" 133
"../../../Engine/Content/MobileResources/HUD/MobileHUDButton2_on.uasset" 134
"../../../Engine/Content/MobileResources/HUD/MobileHUDButton3.uasset" 135
"../../../Engine/Content/MobileResources/HUD/MobileHUDButtonFire.uasset" 136
"../../../Engine/Content/MobileResources/HUD/MobileHUDDirectionPad.uasset" 137
"../../../Engine/Content/MobileResources/HUD/MobileHUDDirectionPad2.uasset" 138
"../../../Engine/Content/MobileResources/HUD/MobileHUDDirectionPad3.uasset" 139
"../../../Engine/Content/MobileResources/HUD/MobileHUDDirectionStick.uasset" 140
"../../../Engine/Content/MobileResources/HUD/T_Castle_ThumbstickInner.uasset" 141
"../../../Engine/Content/MobileResources/HUD/T_Castle_ThumbstickOutter.uasset" 142
"../../../Engine/Content/Tutorial/ContentIntroCurve.uasset" 143
"../../../Engine/Content/Tutorial/Basics/TutorialAssets/icon_tab_Levels_40x.uasset" 144
"../../../Engine/Content/Tutorial/BlueprintTutorials/TutorialAssets/Blueprint_64x.uasset" 145
"../../../Engine/Content/Tutorial/Mobile/TutorialAssets/android_Icon.uasset" 146
"../../../Engine/Content/VREditor/LaserPointer/VR_LaserPower_01.uasset" 147
"../../../Engine/Content/VREditor/TransformGizmo/TransformGizmoMaterial.uasset" 148
"../../../Engine/Content/VREditor/TransformGizmo/TranslucentTransformGizmoMaterial.uasset" 149
"../../../Engine/Content/VREditor/TransformGizmo/BoundingBoxCorner.uasset" 150
"../../../Engine/Content/VREditor/TransformGizmo/BoundingBoxEdge.uasset" 151
"../../../Engine/Content/VREditor/TransformGizmo/PlaneTranslationHandle.uasset" 152
"../../../Engine/Content/VREditor/TransformGizmo/Main.uasset" 153
"../../../Engine/Content/VREditor/TransformGizmo/Xray.uasset" 154
"../../../Engine/Content/VREditor/TransformGizmo/SM_Sequencer_Key.uasset" 155
"../../../Engine/Content/VREditor/TransformGizmo/SM_Sequencer_Node.uasset" 156
"../../Plugins/2D/Paper2D/Content/PlaceholderTextures/DummySpriteTexture.uasset" 157
"../../Plugins/2D/Paper2D/Content/DummySprite.uasset" 158
"../../Plugins/2D/Paper2D/Content/DefaultPaperTerrainMaterial.uasset" 159
"../../Plugins/2D/Paper2D/Content/DefaultSpriteMaterial.uasset" 160
"../../Plugins/2D/Paper2D/Content/MaskedUnlitSpriteMaterial.uasset" 161
"../../Plugins/2D/Paper2D/Content/OpaqueUnlitSpriteMaterial.uasset" 162
"../../Plugins/Runtime/Oculus/OculusVR/Content/Materials/PokeAHoleMaterial.uasset" 163
"../../Plugins/Runtime/Oculus/OculusVR/Content/Textures/GearVRController_AO.uasset" 164
"../../Plugins/Runtime/Oculus/OculusVR/Content/Textures/GearVRController_Color.uasset" 165
"../../Plugins/Runtime/Oculus/OculusVR/Content/Textures/GearVRController_Normal.uasset" 166
"../../Plugins/Runtime/Oculus/OculusVR/Content/Materials/GearVRControllerMaterial.uasset" 167
"../../Plugins/Runtime/Oculus/OculusVR/Content/Meshes/GearVrController.uasset" 168
"../../Plugins/Runtime/Oculus/OculusVR/Content/Textures/touchController_albedo.uasset" 169
"../../Plugins/Runtime/Oculus/OculusVR/Content/Textures/touchController_controlmap.uasset" 170
"../../Plugins/Runtime/Oculus/OculusVR/Content/Materials/touchController_mat.uasset" 171
"../../Plugins/Runtime/Oculus/OculusVR/Content/Meshes/LeftTouchController.uasset" 172
"../../Plugins/Runtime/Oculus/OculusVR/Content/Meshes/RiftHMD.uasset" 173
"../../Plugins/Runtime/Oculus/OculusVR/Content/Meshes/RightTouchController.uasset" 174
"D:/GGJ/GGJ2019/Content/Assets/Meshes/Animations/gata_01_Jump1.uasset" 175
"D:/GGJ/GGJ2019/Content/Assets/Meshes/Animations/gata_01_Jump2.uasset" 176
"D:/GGJ/GGJ2019/Content/Assets/Meshes/Animations/gata_Idle.uasset" 177
"../../../Engine/Content/EngineMeshes/SkeletalCube_Skeleton.uasset" 178
"D:/GGJ/GGJ2019/Content/Assets/ProtAssetes/Prot_SkeletalCube.uasset" 179
"D:/GGJ/GGJ2019/Content/Blueprints/GameActors/BP_GGJ_Bicho.uasset" 180
"D:/GGJ/GGJ2019/Content/Blueprints/GameActors/BP_GGJ_Camara.uasset" 181
"../../../Engine/Content/EditorBlueprintResources/StandardMacros.uasset" 182
"../../../Engine/Content/BasicShapes/BasicShapeMaterial.uasset" 183
"../../../Engine/Content/BasicShapes/Sphere.uasset" 184
"D:/GGJ/GGJ2019/Content/Blueprints/GameActors/BP_GGJ_Collectable.uasset" 185
"D:/GGJ/GGJ2019/Content/Blueprints/Widget/W_EndGame.uasset" 186
"D:/GGJ/GGJ2019/Content/Blueprints/Widget/W_MainMenu.uasset" 187
"D:/GGJ/GGJ2019/Content/Blueprints/BP_GGJ_GM.uasset" 188
"D:/GGJ/GGJ2019/Content/Assets/ProtAssetes/M_Color_Green_Inst.uasset" 189
"D:/GGJ/GGJ2019/Content/Assets/ProtAssetes/M_Color_Red_Inst.uasset" 190
"D:/GGJ/GGJ2019/Content/Assets/Meshes/Statics/cubos_textura.uasset" 191
"D:/GGJ/GGJ2019/Content/Assets/Meshes/Statics/Material__1.uasset" 192
"D:/GGJ/GGJ2019/Content/Assets/Meshes/Statics/piso01.uasset" 193
"D:/GGJ/GGJ2019/Content/Assets/Meshes/Statics/Material__0.uasset" 194
"D:/GGJ/GGJ2019/Content/Assets/Meshes/Statics/piso02.uasset" 195
"D:/GGJ/GGJ2019/Content/Assets/Meshes/Statics/Material__2.uasset" 196
"D:/GGJ/GGJ2019/Content/Assets/Meshes/Statics/piso03.uasset" 197
"../../../Engine/Content/Functions/Engine_MaterialFunctions01/Shading/ConvertFromDiffSpec.uasset" 198
"../../../Engine/Content/EditorMaterials/GridMaterial.uasset" 199
"D:/GGJ/GGJ2019/Content/Assets/ProtAssetes/Prot_Floor_Mesh.uasset" 200
"D:/GGJ/GGJ2019/Content/Blueprints/GameActors/BP_GGJ_Floor.uasset" 201
"D:/GGJ/GGJ2019/Content/Maps/Level_BuiltData.uasset" 202
"D:/GGJ/GGJ2019/Content/Assets/ProtAssetes/M_Color_Master_Inst.uasset" 203
"../../../Engine/Content/EngineMaterials/DefaultPhysicalMaterial.uasset" 204
"D:/GGJ/GGJ2019/Content/Maps/Level.umap" 205
"D:/GGJ/GGJ2019/Content/Maps/MainMenu.umap" 206
"../../../Engine/Content/Maps/Entry_BuiltData.uasset" 207
"../../../Engine/Content/Maps/Entry.umap" 208
